# JRE version: OpenJDK Runtime Environment Corretto-17.0.13.11.1 (17.0.13+11) (build 17.0.13+11-LTS)
# Java VM: OpenJDK 64-Bit Server VM Corretto-17.0.13.11.1 (17.0.13+11-LTS, mixed mode, sharing, tiered, compressed oops, compressed class ptrs, g1 gc, windows-amd64)
GC Precious Log:
 CPUs: 8 total, 8 available
 Memory: 7833M
 Large Page Support: Disabled
 NUMA Support: Disabled
 Compressed Oops: Enabled (32-bit)
 Heap Region Size: 1M
 Heap Min Capacity: 8M
 Heap Initial Capacity: 124M
 Heap Max Capacity: 1960M
 Pre-touch: Disabled
 Parallel Workers: 8
 Concurrent Workers: 2
 Concurrent Refinement Workers: 8
 Periodic GC: Disabled
Heap:
 garbage-first heap   total 65536K, used 41883K [0x0000000085800000, 0x0000000100000000)
  region size 1024K, 11 young (11264K), 1 survivors (1024K)
 Metaspace       used 82412K, committed 83072K, reserved 1179648K
  class space    used 10827K, committed 11264K, reserved 1048576K
GC Heap History (20 events):
Event: 2928.893 GC heap before
{Heap before GC invocations=27 (full 0):
 garbage-first heap   total 63488K, used 48189K [0x0000000085800000, 0x0000000100000000)
  region size 1024K, 15 young (15360K), 2 survivors (2048K)
 Metaspace       used 80289K, committed 81024K, reserved 1179648K
  class space    used 10881K, committed 11264K, reserved 1048576K
}
Event: 2928.993 GC heap after
{Heap after GC invocations=28 (full 0):
 garbage-first heap   total 63488K, used 37179K [0x0000000085800000, 0x0000000100000000)
  region size 1024K, 2 young (2048K), 2 survivors (2048K)
 Metaspace       used 80289K, committed 81024K, reserved 1179648K
  class space    used 10881K, committed 11264K, reserved 1048576K
}
Event: 3230.738 GC heap before
{Heap before GC invocations=28 (full 0):
 garbage-first heap   total 63488K, used 38203K [0x0000000085800000, 0x0000000100000000)
  region size 1024K, 3 young (3072K), 2 survivors (2048K)
 Metaspace       used 80354K, committed 81088K, reserved 1179648K
  class space    used 10884K, committed 11264K, reserved 1048576K
}
Event: 3230.813 GC heap after
{Heap after GC invocations=29 (full 0):
 garbage-first heap   total 63488K, used 37382K [0x0000000085800000, 0x0000000100000000)
  region size 1024K, 1 young (1024K), 1 survivors (1024K)
 Metaspace       used 80354K, committed 81088K, reserved 1179648K
  class space    used 10884K, committed 11264K, reserved 1048576K
}
Event: 7149.208 GC heap before
{Heap before GC invocations=29 (full 0):
 garbage-first heap   total 63488K, used 50694K [0x0000000085800000, 0x0000000100000000)
  region size 1024K, 15 young (15360K), 1 survivors (1024K)
 Metaspace       used 80963K, committed 81664K, reserved 1179648K
  class space    used 10894K, committed 11264K, reserved 1048576K
}
Event: 7149.409 GC heap after
{Heap after GC invocations=30 (full 0):
 garbage-first heap   total 63488K, used 37716K [0x0000000085800000, 0x0000000100000000)
  region size 1024K, 1 young (1024K), 1 survivors (1024K)
 Metaspace       used 80963K, committed 81664K, reserved 1179648K
  class space    used 10894K, committed 11264K, reserved 1048576K
}
Event: 12456.367 GC heap before
{Heap before GC invocations=31 (full 0):
 garbage-first heap   total 65536K, used 51028K [0x0000000085800000, 0x0000000100000000)
  region size 1024K, 15 young (15360K), 1 survivors (1024K)
 Metaspace       used 81108K, committed 81856K, reserved 1179648K
  class space    used 10825K, committed 11264K, reserved 1048576K
}
Event: 12456.550 GC heap after
{Heap after GC invocations=32 (full 0):
 garbage-first heap   total 65536K, used 37850K [0x0000000085800000, 0x0000000100000000)
  region size 1024K, 2 young (2048K), 2 survivors (2048K)
 Metaspace       used 81108K, committed 81856K, reserved 1179648K
  class space    used 10825K, committed 11264K, reserved 1048576K
}
Event: 12542.819 GC heap before
{Heap before GC invocations=32 (full 0):
 garbage-first heap   total 65536K, used 38874K [0x0000000085800000, 0x0000000100000000)
  region size 1024K, 3 young (3072K), 2 survivors (2048K)
 Metaspace       used 81114K, committed 81856K, reserved 1179648K
  class space    used 10825K, committed 11264K, reserved 1048576K
}
Event: 12542.974 GC heap after
{Heap after GC invocations=33 (full 0):
 garbage-first heap   total 65536K, used 34557K [0x0000000085800000, 0x0000000100000000)
  region size 1024K, 1 young (1024K), 1 survivors (1024K)
 Metaspace       used 81114K, committed 81856K, reserved 1179648K
  class space    used 10825K, committed 11264K, reserved 1048576K
}
Event: 13614.569 GC heap before
{Heap before GC invocations=33 (full 0):
 garbage-first heap   total 65536K, used 36605K [0x0000000085800000, 0x0000000100000000)
  region size 1024K, 3 young (3072K), 1 survivors (1024K)
 Metaspace       used 81151K, committed 81856K, reserved 1179648K
  class space    used 10825K, committed 11264K, reserved 1048576K
}
Event: 13614.732 GC heap after
{Heap after GC invocations=34 (full 0):
 garbage-first heap   total 65536K, used 33621K [0x0000000085800000, 0x0000000100000000)
  region size 1024K, 1 young (1024K), 1 survivors (1024K)
 Metaspace       used 81151K, committed 81856K, reserved 1179648K
  class space    used 10825K, committed 11264K, reserved 1048576K
}
Event: 20880.414 GC heap before
{Heap before GC invocations=34 (full 0):
 garbage-first heap   total 65536K, used 51029K [0x0000000085800000, 0x0000000100000000)
  region size 1024K, 19 young (19456K), 1 survivors (1024K)
 Metaspace       used 81613K, committed 82368K, reserved 1179648K
  class space    used 10825K, committed 11264K, reserved 1048576K
}
Event: 20880.547 GC heap after
{Heap after GC invocations=35 (full 0):
 garbage-first heap   total 65536K, used 33751K [0x0000000085800000, 0x0000000100000000)
  region size 1024K, 1 young (1024K), 1 survivors (1024K)
 Metaspace       used 81613K, committed 82368K, reserved 1179648K
  class space    used 10825K, committed 11264K, reserved 1048576K
}
Event: 28406.665 GC heap before
{Heap before GC invocations=36 (full 0):
 garbage-first heap   total 65536K, used 52183K [0x0000000085800000, 0x0000000100000000)
  region size 1024K, 20 young (20480K), 1 survivors (1024K)
 Metaspace       used 81912K, committed 82624K, reserved 1179648K
  class space    used 10826K, committed 11264K, reserved 1048576K
}
Event: 28406.733 GC heap after
{Heap after GC invocations=37 (full 0):
 garbage-first heap   total 65536K, used 33942K [0x0000000085800000, 0x0000000100000000)
  region size 1024K, 1 young (1024K), 1 survivors (1024K)
 Metaspace       used 81912K, committed 82624K, reserved 1179648K
  class space    used 10826K, committed 11264K, reserved 1048576K
}
Event: 28668.309 GC heap before
{Heap before GC invocations=37 (full 0):
 garbage-first heap   total 65536K, used 35990K [0x0000000085800000, 0x0000000100000000)
  region size 1024K, 3 young (3072K), 1 survivors (1024K)
 Metaspace       used 81924K, committed 82624K, reserved 1179648K
  class space    used 10826K, committed 11264K, reserved 1048576K
}
Event: 28668.399 GC heap after
{Heap after GC invocations=38 (full 0):
 garbage-first heap   total 65536K, used 33628K [0x0000000085800000, 0x0000000100000000)
  region size 1024K, 1 young (1024K), 1 survivors (1024K)
 Metaspace       used 81924K, committed 82624K, reserved 1179648K
  class space    used 10826K, committed 11264K, reserved 1048576K
}
Event: 36802.570 GC heap before
{Heap before GC invocations=38 (full 0):
 garbage-first heap   total 65536K, used 52060K [0x0000000085800000, 0x0000000100000000)
  region size 1024K, 20 young (20480K), 1 survivors (1024K)
 Metaspace       used 82353K, committed 83072K, reserved 1179648K
  class space    used 10827K, committed 11264K, reserved 1048576K
}
Event: 36802.689 GC heap after
{Heap after GC invocations=39 (full 0):
 garbage-first heap   total 65536K, used 33691K [0x0000000085800000, 0x0000000100000000)
  region size 1024K, 1 young (1024K), 1 survivors (1024K)
 Metaspace       used 82353K, committed 83072K, reserved 1179648K
  class space    used 10827K, committed 11264K, reserved 1048576K
}

